2019-10-02 13:15:35.906  [main] INFO  com.zjhs.hstx.HstxApplication - Starting HstxApplication on LAPTOP-CUIISHM9 with PID 11928 (F:\new-hstx\hstx\target\classes started by asus in F:\new-hstx\hstx)
2019-10-02 13:15:35.909  [main] INFO  com.zjhs.hstx.HstxApplication - The following profiles are active: dev
2019-10-02 13:15:37.728  [main] INFO  o.s.c.s.PostProcessorRegistrationDelegate$BeanPostProcessorChecker - Bean 'org.springframework.transaction.annotation.ProxyTransactionManagementConfiguration' of type [org.springframework.transaction.annotation.ProxyTransactionManagementConfiguration$$EnhancerBySpringCGLIB$$2cfca0f2] is not eligible for getting processed by all BeanPostProcessors (for example: not eligible for auto-proxying)
2019-10-02 13:15:38.156  [main] INFO  o.s.boot.web.embedded.tomcat.TomcatWebServer - Tomcat initialized with port(s): 8081 (http)
2019-10-02 13:15:38.178  [main] INFO  org.apache.coyote.http11.Http11NioProtocol - Initializing ProtocolHandler ["http-nio-8081"]
2019-10-02 13:15:38.190  [main] INFO  org.apache.catalina.core.StandardService - Starting service [Tomcat]
2019-10-02 13:15:38.190  [main] INFO  org.apache.catalina.core.StandardEngine - Starting Servlet engine: [Apache Tomcat/9.0.24]
2019-10-02 13:15:38.365  [main] INFO  o.a.c.core.ContainerBase.[Tomcat].[localhost].[/] - Initializing Spring embedded WebApplicationContext
2019-10-02 13:15:38.366  [main] INFO  org.springframework.web.context.ContextLoader - Root WebApplicationContext: initialization completed in 2397 ms
2019-10-02 13:15:39.212  [main] INFO  o.s.scheduling.concurrent.ThreadPoolTaskExecutor - Initializing ExecutorService 'applicationTaskExecutor'
2019-10-02 13:15:39.454  [main] INFO  c.a.d.s.b.a.DruidDataSourceAutoConfigure - Init DruidDataSource
2019-10-02 13:15:46.459  [main] INFO  s.d.s.web.plugins.DocumentationPluginsBootstrapper - Context refreshed
2019-10-02 13:15:46.486  [main] INFO  s.d.s.web.plugins.DocumentationPluginsBootstrapper - Found 1 custom documentation plugin(s)
2019-10-02 13:15:46.507  [main] INFO  s.d.spring.web.scanners.ApiListingReferenceScanner - Scanning for api listing references
2019-10-02 13:15:46.541  [main] INFO  org.apache.coyote.http11.Http11NioProtocol - Starting ProtocolHandler ["http-nio-8081"]
2019-10-02 13:15:46.577  [main] INFO  o.s.boot.web.embedded.tomcat.TomcatWebServer - Tomcat started on port(s): 8081 (http) with context path ''
2019-10-02 13:15:46.582  [main] INFO  com.zjhs.hstx.HstxApplication - Started HstxApplication in 11.654 seconds (JVM running for 14.584)
2019-10-02 13:15:46.585  [main] INFO  com.zjhs.hstx.boot.AppStartupBoot - ==========================================================================
2019-10-02 13:15:46.586  [main] INFO  com.zjhs.hstx.boot.AppStartupBoot - 惠商天下后端接口 -请访问：http://localhost:8081/swagger-ui.html
2019-10-02 13:15:46.586  [main] INFO  com.zjhs.hstx.boot.AppStartupBoot - ==========================================================================
2019-10-02 13:16:07.077  [http-nio-8081-exec-1] INFO  o.a.c.core.ContainerBase.[Tomcat].[localhost].[/] - Initializing Spring DispatcherServlet 'dispatcherServlet'
2019-10-02 13:16:07.079  [http-nio-8081-exec-1] INFO  org.springframework.web.servlet.DispatcherServlet - Initializing Servlet 'dispatcherServlet'
2019-10-02 13:16:07.095  [http-nio-8081-exec-1] INFO  org.springframework.web.servlet.DispatcherServlet - Completed initialization in 14 ms
2019-10-02 13:16:20.586  [Thread-25] INFO  o.s.scheduling.concurrent.ThreadPoolTaskExecutor - Shutting down ExecutorService 'applicationTaskExecutor'
